2018-05-16 09:06:29.392  INFO 72912 --- [main] c.t.bank.BankDataApplicationTests        : Starting BankDataApplicationTests on weifengdeMacBook-Pro.local with PID 72912 (started by wuwf in /Users/wuwf/Downloads/bank_data)
2018-05-16 09:06:29.402  INFO 72912 --- [main] c.t.bank.BankDataApplicationTests        : The following profiles are active: local
2018-05-16 09:06:29.469  INFO 72912 --- [main] o.s.w.c.s.GenericWebApplicationContext   : Refreshing org.springframework.web.context.support.GenericWebApplicationContext@5c669da8: startup date [Wed May 16 09:06:29 CST 2018]; root of context hierarchy
2018-05-16 09:06:31.488  INFO 72912 --- [main] trationDelegate$BeanPostProcessorChecker : Bean 'org.springframework.transaction.annotation.ProxyTransactionManagementConfiguration' of type [org.springframework.transaction.annotation.ProxyTransactionManagementConfiguration$$EnhancerBySpringCGLIB$$1a2ee268] is not eligible for getting processed by all BeanPostProcessors (for example: not eligible for auto-proxying)
2018-05-16 09:06:31.553  INFO 72912 --- [main] trationDelegate$BeanPostProcessorChecker : Bean 'org.springframework.cache.annotation.ProxyCachingConfiguration' of type [org.springframework.cache.annotation.ProxyCachingConfiguration$$EnhancerBySpringCGLIB$$63411886] is not eligible for getting processed by all BeanPostProcessors (for example: not eligible for auto-proxying)
2018-05-16 09:06:31.585  INFO 72912 --- [main] trationDelegate$BeanPostProcessorChecker : Bean 'org.springframework.boot.autoconfigure.cache.CacheAutoConfiguration' of type [org.springframework.boot.autoconfigure.cache.CacheAutoConfiguration$$EnhancerBySpringCGLIB$$57b4dd2a] is not eligible for getting processed by all BeanPostProcessors (for example: not eligible for auto-proxying)
2018-05-16 09:06:31.619  INFO 72912 --- [main] trationDelegate$BeanPostProcessorChecker : Bean 'org.springframework.boot.context.properties.ConversionServiceDeducer$Factory' of type [org.springframework.boot.context.properties.ConversionServiceDeducer$Factory] is not eligible for getting processed by all BeanPostProcessors (for example: not eligible for auto-proxying)
2018-05-16 09:06:31.654  INFO 72912 --- [main] trationDelegate$BeanPostProcessorChecker : Bean 'spring.cache-org.springframework.boot.autoconfigure.cache.CacheProperties' of type [org.springframework.boot.autoconfigure.cache.CacheProperties] is not eligible for getting processed by all BeanPostProcessors (for example: not eligible for auto-proxying)
2018-05-16 09:06:31.672  INFO 72912 --- [main] trationDelegate$BeanPostProcessorChecker : Bean 'cacheManagerCustomizers' of type [org.springframework.boot.autoconfigure.cache.CacheManagerCustomizers] is not eligible for getting processed by all BeanPostProcessors (for example: not eligible for auto-proxying)
2018-05-16 09:06:31.680  INFO 72912 --- [main] trationDelegate$BeanPostProcessorChecker : Bean 'org.springframework.boot.autoconfigure.cache.CaffeineCacheConfiguration' of type [org.springframework.boot.autoconfigure.cache.CaffeineCacheConfiguration$$EnhancerBySpringCGLIB$$897b7672] is not eligible for getting processed by all BeanPostProcessors (for example: not eligible for auto-proxying)
2018-05-16 09:06:31.700  INFO 72912 --- [main] trationDelegate$BeanPostProcessorChecker : Bean 'cacheManager' of type [org.springframework.cache.caffeine.CaffeineCacheManager] is not eligible for getting processed by all BeanPostProcessors (for example: not eligible for auto-proxying)
2018-05-16 09:06:31.706  INFO 72912 --- [main] trationDelegate$BeanPostProcessorChecker : Bean 'cacheAutoConfigurationValidator' of type [org.springframework.boot.autoconfigure.cache.CacheAutoConfiguration$CacheManagerValidator] is not eligible for getting processed by all BeanPostProcessors (for example: not eligible for auto-proxying)
2018-05-16 09:06:32.213  INFO 72912 --- [main] j.LocalContainerEntityManagerFactoryBean : Building JPA container EntityManagerFactory for persistence unit 'default'
2018-05-16 09:06:32.397  INFO 72912 --- [main] o.hibernate.jpa.internal.util.LogHelper  : HHH000204: Processing PersistenceUnitInfo [
	name: default
	...]
2018-05-16 09:06:32.586  INFO 72912 --- [main] org.hibernate.Version                    : HHH000412: Hibernate Core {5.2.16.Final}
2018-05-16 09:06:32.589  INFO 72912 --- [main] org.hibernate.cfg.Environment            : HHH000206: hibernate.properties not found
2018-05-16 09:06:32.687  INFO 72912 --- [main] o.hibernate.annotations.common.Version   : HCANN000001: Hibernate Commons Annotations {5.0.1.Final}
2018-05-16 09:06:32.958  INFO 72912 --- [main] com.zaxxer.hikari.HikariDataSource       : HikariPool-1 - Starting...
2018-05-16 09:06:33.771  INFO 72912 --- [main] com.zaxxer.hikari.HikariDataSource       : HikariPool-1 - Start completed.
2018-05-16 09:06:33.798  INFO 72912 --- [main] org.hibernate.dialect.Dialect            : HHH000400: Using dialect: org.hibernate.dialect.MySQL5InnoDBDialect
2018-05-16 09:06:35.298  INFO 72912 --- [main] j.LocalContainerEntityManagerFactoryBean : Initialized JPA EntityManagerFactory for persistence unit 'default'
2018-05-16 09:06:36.322  INFO 72912 --- [main] o.h.h.i.QueryTranslatorFactoryInitiator  : HHH000397: Using ASTQueryTranslatorFactory
2018-05-16 09:06:37.356  INFO 72912 --- [main] o.s.w.s.handler.SimpleUrlHandlerMapping  : Mapped URL path [/**/favicon.ico] onto handler of type [class org.springframework.web.servlet.resource.ResourceHttpRequestHandler]
2018-05-16 09:06:38.110  INFO 72912 --- [main] s.w.s.m.m.a.RequestMappingHandlerAdapter : Looking for @ControllerAdvice: org.springframework.web.context.support.GenericWebApplicationContext@5c669da8: startup date [Wed May 16 09:06:29 CST 2018]; root of context hierarchy
2018-05-16 09:06:38.197  WARN 72912 --- [main] aWebConfiguration$JpaWebMvcConfiguration : spring.jpa.open-in-view is enabled by default. Therefore, database queries may be performed during view rendering. Explicitly configure spring.jpa.open-in-view to disable this warning
2018-05-16 09:06:38.264  INFO 72912 --- [main] s.w.s.m.m.a.RequestMappingHandlerMapping : Mapped "{[],methods=[POST]}" onto public com.tianyalei.bank.bean.BaseData com.tianyalei.bank.controller.BillController.add(com.tianyalei.bank.dto.BillDto) throws java.text.ParseException
2018-05-16 09:06:38.266  INFO 72912 --- [main] s.w.s.m.m.a.RequestMappingHandlerMapping : Mapped "{[],methods=[GET]}" onto public com.tianyalei.bank.bean.BaseData com.tianyalei.bank.controller.BillController.find(com.tianyalei.bank.dto.SearchDto)
2018-05-16 09:06:38.267  INFO 72912 --- [main] s.w.s.m.m.a.RequestMappingHandlerMapping : Mapped "{[/{id}],methods=[POST]}" onto public com.tianyalei.bank.bean.BaseData com.tianyalei.bank.controller.BillController.delete(java.lang.Long)
2018-05-16 09:06:38.267  INFO 72912 --- [main] s.w.s.m.m.a.RequestMappingHandlerMapping : Mapped "{[/mohu],methods=[POST]}" onto public com.tianyalei.bank.bean.BaseData com.tianyalei.bank.controller.BillController.addMohu(com.tianyalei.bank.dto.BillMoDto)
2018-05-16 09:06:38.268  INFO 72912 --- [main] s.w.s.m.m.a.RequestMappingHandlerMapping : Mapped "{[/current]}" onto public com.tianyalei.bank.bean.BaseData com.tianyalei.bank.controller.CurrentPriceController.current(java.lang.String,java.lang.String,int,int)
2018-05-16 09:06:38.270  INFO 72912 --- [main] s.w.s.m.m.a.RequestMappingHandlerMapping : Mapped "{[/login],methods=[POST]}" onto public com.tianyalei.bank.bean.BaseData com.tianyalei.bank.controller.LoginController.login(java.lang.String,java.lang.String)
2018-05-16 09:06:38.274  INFO 72912 --- [main] s.w.s.m.m.a.RequestMappingHandlerMapping : Mapped "{[/error]}" onto public org.springframework.http.ResponseEntity<java.util.Map<java.lang.String, java.lang.Object>> org.springframework.boot.autoconfigure.web.servlet.error.BasicErrorController.error(javax.servlet.http.HttpServletRequest)
2018-05-16 09:06:38.275  INFO 72912 --- [main] s.w.s.m.m.a.RequestMappingHandlerMapping : Mapped "{[/error],produces=[text/html]}" onto public org.springframework.web.servlet.ModelAndView org.springframework.boot.autoconfigure.web.servlet.error.BasicErrorController.errorHtml(javax.servlet.http.HttpServletRequest,javax.servlet.http.HttpServletResponse)
2018-05-16 09:06:38.338  INFO 72912 --- [main] o.s.w.s.handler.SimpleUrlHandlerMapping  : Mapped URL path [/webjars/**] onto handler of type [class org.springframework.web.servlet.resource.ResourceHttpRequestHandler]
2018-05-16 09:06:38.339  INFO 72912 --- [main] o.s.w.s.handler.SimpleUrlHandlerMapping  : Mapped URL path [/**] onto handler of type [class org.springframework.web.servlet.resource.ResourceHttpRequestHandler]
2018-05-16 09:06:38.770  INFO 72912 --- [main] s.a.ScheduledAnnotationBeanPostProcessor : No TaskScheduler/ScheduledExecutorService bean found for scheduled processing
2018-05-16 09:06:38.799  INFO 72912 --- [main] c.t.bank.BankDataApplicationTests        : Started BankDataApplicationTests in 10.392 seconds (JVM running for 11.987)
2018-05-16 09:06:39.071  INFO 72912 --- [Thread-2] o.s.w.c.s.GenericWebApplicationContext   : Closing org.springframework.web.context.support.GenericWebApplicationContext@5c669da8: startup date [Wed May 16 09:06:29 CST 2018]; root of context hierarchy
2018-05-16 09:06:39.078  INFO 72912 --- [Thread-2] j.LocalContainerEntityManagerFactoryBean : Closing JPA EntityManagerFactory for persistence unit 'default'
2018-05-16 09:06:39.080  INFO 72912 --- [Thread-2] com.zaxxer.hikari.HikariDataSource       : HikariPool-1 - Shutdown initiated...
2018-05-16 09:06:39.094  INFO 72912 --- [Thread-2] com.zaxxer.hikari.HikariDataSource       : HikariPool-1 - Shutdown completed.
